<?xml version="1.0" encoding="UTF-8"?>
<testng-results skipped="0" failed="0" total="1" passed="1">
  <reporter-output>
  </reporter-output>
  <suite name="allSuites" duration-ms="0" started-at="2020-04-05T20:11:54Z" finished-at="2020-04-05T20:11:54Z">
    <groups>
    </groups>
  </suite> <!-- allSuites -->
  <suite name="Provider Services Suite" duration-ms="1676" started-at="2020-04-05T20:11:52Z" finished-at="2020-04-05T20:11:54Z">
    <groups>
    </groups>
    <test name="Provider Services Test" duration-ms="1676" started-at="2020-04-05T20:11:52Z" finished-at="2020-04-05T20:11:54Z">
      <class name="com.fp.service.client.testcases.ProviderServicesTestSuite">
        <test-method status="PASS" signature="setupSuite(java.lang.String)[pri:0, instance:com.fp.service.client.testcases.ProviderServicesTestSuite@13c9d689]" name="setupSuite" is-config="true" duration-ms="8588" started-at="2020-04-05T15:11:44Z" finished-at="2020-04-05T15:11:52Z">
          <params>
            <param index="0">
              <value>
                <![CDATA[Test]]>
              </value>
            </param>
          </params>
          <reporter-output>
          </reporter-output>
        </test-method> <!-- setupSuite -->
        <test-method status="PASS" signature="ProviderDetails()[pri:0, instance:com.fp.service.client.testcases.ProviderServicesTestSuite@13c9d689]" name="ProviderDetails" duration-ms="1622" started-at="2020-04-05T15:11:52Z" finished-at="2020-04-05T15:11:54Z">
          <reporter-output>
          </reporter-output>
        </test-method> <!-- ProviderDetails -->
      </class> <!-- com.fp.service.client.testcases.ProviderServicesTestSuite -->
    </test> <!-- Provider Services Test -->
  </suite> <!-- Provider Services Suite -->
</testng-results>
